11:05:14.625 [AWT-EventQueue-0] INFO  c.b.sdk.actions.DisableBrowserStack - Setting disable browserstack run update
11:05:14.636 [AWT-EventQueue-0] INFO  c.b.sdk.actions.EnableBrowserStack - Setting enable browserstack run update
11:05:15.212 [AWT-EventQueue-0] INFO  c.b.sdk.actions.EnableBrowserStack - Setting enable browserstack run update
11:05:15.219 [AWT-EventQueue-0] INFO  c.b.sdk.actions.DisableBrowserStack - Setting disable browserstack run update
11:05:48.977 [AWT-EventQueue-0] INFO  c.b.sdk.actions.DisableBrowserStack - Setting disable browserstack run update
11:05:48.983 [AWT-EventQueue-0] INFO  c.b.sdk.actions.EnableBrowserStack - Setting enable browserstack run update
11:06:38.916 [AWT-EventQueue-0] INFO  c.b.sdk.actions.DisableBrowserStack - Setting disable browserstack run update
11:06:38.922 [AWT-EventQueue-0] INFO  c.b.sdk.actions.EnableBrowserStack - Setting enable browserstack run update
11:14:49.785 [ApplicationImpl pooled thread 30] INFO  c.b.s.l.BrowserStackRunExtension - testng
11:14:49.785 [ApplicationImpl pooled thread 30] INFO  com.browserstack.sdk.utils.Helpers - null
11:14:49.786 [ApplicationImpl pooled thread 30] INFO  c.b.s.l.BrowserStackRunExtension - Agent path: null
11:15:23.978 [ApplicationImpl pooled thread 30] INFO  c.b.s.l.BrowserStackRunExtension - testng
11:15:23.978 [ApplicationImpl pooled thread 30] INFO  com.browserstack.sdk.utils.Helpers - null
11:15:23.979 [ApplicationImpl pooled thread 30] INFO  c.b.s.l.BrowserStackRunExtension - Agent path: null
11:16:26.414 [ApplicationImpl pooled thread 31] INFO  c.b.s.l.BrowserStackRunExtension - testng
11:16:26.414 [ApplicationImpl pooled thread 31] INFO  com.browserstack.sdk.utils.Helpers - null
11:16:26.415 [ApplicationImpl pooled thread 31] INFO  c.b.s.l.BrowserStackRunExtension - Agent path: null
11:17:17.022 [ApplicationImpl pooled thread 32] INFO  c.b.s.l.BrowserStackRunExtension - testng
11:17:17.022 [ApplicationImpl pooled thread 32] INFO  com.browserstack.sdk.utils.Helpers - null
11:17:17.022 [ApplicationImpl pooled thread 32] INFO  c.b.s.l.BrowserStackRunExtension - Agent path: null
11:17:48.799 [ApplicationImpl pooled thread 36] INFO  c.b.s.l.BrowserStackRunExtension - testng
11:17:48.799 [ApplicationImpl pooled thread 36] INFO  com.browserstack.sdk.utils.Helpers - null
11:17:48.799 [ApplicationImpl pooled thread 36] INFO  c.b.s.l.BrowserStackRunExtension - Agent path: null
11:17:58.208 [ApplicationImpl pooled thread 37] INFO  c.b.s.l.BrowserStackRunExtension - testng
11:17:58.208 [ApplicationImpl pooled thread 37] INFO  com.browserstack.sdk.utils.Helpers - null
11:17:58.209 [ApplicationImpl pooled thread 37] INFO  c.b.s.l.BrowserStackRunExtension - Agent path: null
11:18:07.820 [ApplicationImpl pooled thread 36] INFO  c.b.s.l.BrowserStackRunExtension - testng
11:18:07.820 [ApplicationImpl pooled thread 36] INFO  com.browserstack.sdk.utils.Helpers - null
11:18:07.834 [ApplicationImpl pooled thread 36] INFO  c.b.s.l.BrowserStackRunExtension - Agent path: null
11:18:47.742 [ApplicationImpl pooled thread 32] INFO  c.b.s.l.BrowserStackRunExtension - testng
11:18:47.742 [ApplicationImpl pooled thread 32] INFO  com.browserstack.sdk.utils.Helpers - null
11:18:47.748 [ApplicationImpl pooled thread 32] INFO  c.b.s.l.BrowserStackRunExtension - Agent path: null
11:19:18.732 [ApplicationImpl pooled thread 35] INFO  c.b.s.l.BrowserStackRunExtension - testng
11:19:18.732 [ApplicationImpl pooled thread 35] INFO  com.browserstack.sdk.utils.Helpers - null
11:19:18.732 [ApplicationImpl pooled thread 35] INFO  c.b.s.l.BrowserStackRunExtension - Agent path: null
11:19:37.678 [ApplicationImpl pooled thread 35] INFO  c.b.s.l.BrowserStackRunExtension - testng
11:19:37.678 [ApplicationImpl pooled thread 35] INFO  com.browserstack.sdk.utils.Helpers - null
11:19:37.678 [ApplicationImpl pooled thread 35] INFO  c.b.s.l.BrowserStackRunExtension - Agent path: null
11:20:11.770 [ApplicationImpl pooled thread 35] INFO  c.b.s.l.BrowserStackRunExtension - testng
11:20:11.770 [ApplicationImpl pooled thread 35] INFO  com.browserstack.sdk.utils.Helpers - null
11:20:11.770 [ApplicationImpl pooled thread 35] INFO  c.b.s.l.BrowserStackRunExtension - Agent path: null
11:20:31.786 [ApplicationImpl pooled thread 37] INFO  c.b.s.l.BrowserStackRunExtension - testng
11:20:31.786 [ApplicationImpl pooled thread 37] INFO  com.browserstack.sdk.utils.Helpers - null
11:20:31.787 [ApplicationImpl pooled thread 37] INFO  c.b.s.l.BrowserStackRunExtension - Agent path: null
11:20:41.470 [ApplicationImpl pooled thread 35] INFO  c.b.s.l.BrowserStackRunExtension - testng
11:20:41.470 [ApplicationImpl pooled thread 35] INFO  com.browserstack.sdk.utils.Helpers - null
11:20:41.470 [ApplicationImpl pooled thread 35] INFO  c.b.s.l.BrowserStackRunExtension - Agent path: null
11:21:20.632 [ApplicationImpl pooled thread 30] INFO  c.b.s.l.BrowserStackRunExtension - testng
11:21:20.632 [ApplicationImpl pooled thread 30] INFO  com.browserstack.sdk.utils.Helpers - null
11:21:20.641 [ApplicationImpl pooled thread 30] INFO  c.b.s.l.BrowserStackRunExtension - Agent path: null
11:21:57.697 [ApplicationImpl pooled thread 30] INFO  c.b.s.l.BrowserStackRunExtension - testng
11:21:57.697 [ApplicationImpl pooled thread 30] INFO  com.browserstack.sdk.utils.Helpers - null
11:21:57.697 [ApplicationImpl pooled thread 30] INFO  c.b.s.l.BrowserStackRunExtension - Agent path: null
11:22:21.348 [ApplicationImpl pooled thread 30] INFO  c.b.s.l.BrowserStackRunExtension - testng
11:22:21.348 [ApplicationImpl pooled thread 30] INFO  com.browserstack.sdk.utils.Helpers - null
11:22:21.349 [ApplicationImpl pooled thread 30] INFO  c.b.s.l.BrowserStackRunExtension - Agent path: null
11:23:53.902 [ApplicationImpl pooled thread 30] INFO  c.b.s.l.BrowserStackRunExtension - testng
11:23:53.902 [ApplicationImpl pooled thread 30] INFO  com.browserstack.sdk.utils.Helpers - null
11:23:53.903 [ApplicationImpl pooled thread 30] INFO  c.b.s.l.BrowserStackRunExtension - Agent path: null
11:25:46.294 [ApplicationImpl pooled thread 37] INFO  c.b.s.l.BrowserStackRunExtension - testng
11:25:46.294 [ApplicationImpl pooled thread 37] INFO  com.browserstack.sdk.utils.Helpers - null
11:25:46.294 [ApplicationImpl pooled thread 37] INFO  c.b.s.l.BrowserStackRunExtension - Agent path: null
11:26:06.078 [ApplicationImpl pooled thread 44] INFO  c.b.s.l.BrowserStackRunExtension - testng
11:26:06.078 [ApplicationImpl pooled thread 44] INFO  com.browserstack.sdk.utils.Helpers - null
11:26:06.079 [ApplicationImpl pooled thread 44] INFO  c.b.s.l.BrowserStackRunExtension - Agent path: null
11:27:38.917 [ApplicationImpl pooled thread 45] INFO  c.b.s.l.BrowserStackRunExtension - testng
11:27:38.918 [ApplicationImpl pooled thread 45] INFO  com.browserstack.sdk.utils.Helpers - null
11:27:38.918 [ApplicationImpl pooled thread 45] INFO  c.b.s.l.BrowserStackRunExtension - Agent path: null
11:27:49.239 [ApplicationImpl pooled thread 44] INFO  c.b.s.l.BrowserStackRunExtension - testng
11:27:49.239 [ApplicationImpl pooled thread 44] INFO  com.browserstack.sdk.utils.Helpers - null
11:27:49.240 [ApplicationImpl pooled thread 44] INFO  c.b.s.l.BrowserStackRunExtension - Agent path: null
11:29:05.200 [ApplicationImpl pooled thread 44] INFO  c.b.s.l.BrowserStackRunExtension - testng
11:29:05.200 [ApplicationImpl pooled thread 44] INFO  com.browserstack.sdk.utils.Helpers - null
11:29:05.201 [ApplicationImpl pooled thread 44] INFO  c.b.s.l.BrowserStackRunExtension - Agent path: null
11:38:51.064 [ApplicationImpl pooled thread 52] INFO  c.b.s.l.BrowserStackRunExtension - testng
11:38:51.064 [ApplicationImpl pooled thread 52] INFO  com.browserstack.sdk.utils.Helpers - null
11:38:51.065 [ApplicationImpl pooled thread 52] INFO  c.b.s.l.BrowserStackRunExtension - Agent path: null
11:39:52.420 [ApplicationImpl pooled thread 53] INFO  c.b.s.l.BrowserStackRunExtension - testng
11:39:52.420 [ApplicationImpl pooled thread 53] INFO  com.browserstack.sdk.utils.Helpers - null
11:39:52.421 [ApplicationImpl pooled thread 53] INFO  c.b.s.l.BrowserStackRunExtension - Agent path: null
11:49:44.862 [ApplicationImpl pooled thread 58] INFO  c.b.s.l.BrowserStackRunExtension - testng
11:49:44.862 [ApplicationImpl pooled thread 58] INFO  com.browserstack.sdk.utils.Helpers - null
11:49:44.863 [ApplicationImpl pooled thread 58] INFO  c.b.s.l.BrowserStackRunExtension - Agent path: null
11:55:16.764 [ApplicationImpl pooled thread 61] INFO  c.b.s.l.BrowserStackRunExtension - testng
11:55:16.764 [ApplicationImpl pooled thread 61] INFO  com.browserstack.sdk.utils.Helpers - null
11:55:16.765 [ApplicationImpl pooled thread 61] INFO  c.b.s.l.BrowserStackRunExtension - Agent path: null
12:24:53.518 [ApplicationImpl pooled thread 79] INFO  c.b.s.l.BrowserStackRunExtension - testng
12:24:53.518 [ApplicationImpl pooled thread 79] INFO  com.browserstack.sdk.utils.Helpers - null
12:24:53.519 [ApplicationImpl pooled thread 79] INFO  c.b.s.l.BrowserStackRunExtension - Agent path: null
12:38:08.031 [ApplicationImpl pooled thread 80] INFO  c.b.s.l.BrowserStackRunExtension - testng
12:38:08.031 [ApplicationImpl pooled thread 80] INFO  com.browserstack.sdk.utils.Helpers - null
12:38:08.031 [ApplicationImpl pooled thread 80] INFO  c.b.s.l.BrowserStackRunExtension - Agent path: null
10:30:01.392 [ApplicationImpl pooled thread 5] INFO  c.b.s.l.BrowserStackRunExtension - testng
10:30:01.393 [ApplicationImpl pooled thread 5] INFO  com.browserstack.sdk.utils.Helpers - null
10:30:01.394 [ApplicationImpl pooled thread 5] INFO  c.b.s.l.BrowserStackRunExtension - Agent path: null
15:49:25.169 [ApplicationImpl pooled thread 1] INFO  c.b.s.l.BrowserStackRunExtension - testng
15:49:25.171 [ApplicationImpl pooled thread 1] INFO  com.browserstack.sdk.utils.Helpers - null
15:49:25.174 [ApplicationImpl pooled thread 1] INFO  c.b.s.l.BrowserStackRunExtension - Agent path: null
16:30:06.713 [ApplicationImpl pooled thread 20] INFO  c.b.s.l.BrowserStackRunExtension - testng
16:30:06.715 [ApplicationImpl pooled thread 20] INFO  com.browserstack.sdk.utils.Helpers - null
16:30:06.716 [ApplicationImpl pooled thread 20] INFO  c.b.s.l.BrowserStackRunExtension - Agent path: null
16:32:02.708 [ApplicationImpl pooled thread 25] INFO  c.b.s.l.BrowserStackRunExtension - testng
16:32:02.708 [ApplicationImpl pooled thread 25] INFO  com.browserstack.sdk.utils.Helpers - null
16:32:02.709 [ApplicationImpl pooled thread 25] INFO  c.b.s.l.BrowserStackRunExtension - Agent path: null
16:35:55.255 [ApplicationImpl pooled thread 33] INFO  c.b.s.l.BrowserStackRunExtension - testng
16:35:55.256 [ApplicationImpl pooled thread 33] INFO  com.browserstack.sdk.utils.Helpers - null
16:35:55.256 [ApplicationImpl pooled thread 33] INFO  c.b.s.l.BrowserStackRunExtension - Agent path: null
16:36:45.694 [ApplicationImpl pooled thread 33] INFO  c.b.s.l.BrowserStackRunExtension - testng
16:36:45.694 [ApplicationImpl pooled thread 33] INFO  com.browserstack.sdk.utils.Helpers - null
16:36:45.694 [ApplicationImpl pooled thread 33] INFO  c.b.s.l.BrowserStackRunExtension - Agent path: null
12:35:53.056 [ApplicationImpl pooled thread 42] INFO  c.b.s.l.BrowserStackRunExtension - testng
12:35:53.057 [ApplicationImpl pooled thread 42] INFO  com.browserstack.sdk.utils.Helpers - null
12:35:53.058 [ApplicationImpl pooled thread 42] INFO  c.b.s.l.BrowserStackRunExtension - Agent path: null
12:37:10.620 [ApplicationImpl pooled thread 38] INFO  c.b.s.l.BrowserStackRunExtension - testng
12:37:10.621 [ApplicationImpl pooled thread 38] INFO  com.browserstack.sdk.utils.Helpers - null
12:37:10.622 [ApplicationImpl pooled thread 38] INFO  c.b.s.l.BrowserStackRunExtension - Agent path: null
12:37:58.573 [ApplicationImpl pooled thread 45] INFO  c.b.s.l.BrowserStackRunExtension - testng
12:37:58.573 [ApplicationImpl pooled thread 45] INFO  com.browserstack.sdk.utils.Helpers - null
12:37:58.573 [ApplicationImpl pooled thread 45] INFO  c.b.s.l.BrowserStackRunExtension - Agent path: null
12:38:35.434 [ApplicationImpl pooled thread 45] INFO  c.b.s.l.BrowserStackRunExtension - testng
12:38:35.434 [ApplicationImpl pooled thread 45] INFO  com.browserstack.sdk.utils.Helpers - null
12:38:35.435 [ApplicationImpl pooled thread 45] INFO  c.b.s.l.BrowserStackRunExtension - Agent path: null
12:42:15.255 [ApplicationImpl pooled thread 38] INFO  c.b.s.l.BrowserStackRunExtension - testng
12:42:15.255 [ApplicationImpl pooled thread 38] INFO  com.browserstack.sdk.utils.Helpers - null
12:42:15.255 [ApplicationImpl pooled thread 38] INFO  c.b.s.l.BrowserStackRunExtension - Agent path: null
12:48:02.286 [ApplicationImpl pooled thread 50] INFO  c.b.s.l.BrowserStackRunExtension - testng
12:48:02.286 [ApplicationImpl pooled thread 50] INFO  com.browserstack.sdk.utils.Helpers - null
12:48:02.286 [ApplicationImpl pooled thread 50] INFO  c.b.s.l.BrowserStackRunExtension - Agent path: null
12:48:40.351 [ApplicationImpl pooled thread 51] INFO  c.b.s.l.BrowserStackRunExtension - testng
12:48:40.351 [ApplicationImpl pooled thread 51] INFO  com.browserstack.sdk.utils.Helpers - null
12:48:40.351 [ApplicationImpl pooled thread 51] INFO  c.b.s.l.BrowserStackRunExtension - Agent path: null
12:56:59.524 [ApplicationImpl pooled thread 55] INFO  c.b.s.l.BrowserStackRunExtension - testng
12:56:59.524 [ApplicationImpl pooled thread 55] INFO  com.browserstack.sdk.utils.Helpers - null
12:56:59.525 [ApplicationImpl pooled thread 55] INFO  c.b.s.l.BrowserStackRunExtension - Agent path: null
13:02:38.983 [ApplicationImpl pooled thread 65] INFO  c.b.s.l.BrowserStackRunExtension - testng
13:02:38.983 [ApplicationImpl pooled thread 65] INFO  com.browserstack.sdk.utils.Helpers - null
13:02:38.984 [ApplicationImpl pooled thread 65] INFO  c.b.s.l.BrowserStackRunExtension - Agent path: null
13:04:00.355 [ApplicationImpl pooled thread 67] INFO  c.b.s.l.BrowserStackRunExtension - testng
13:04:00.355 [ApplicationImpl pooled thread 67] INFO  com.browserstack.sdk.utils.Helpers - null
13:04:00.367 [ApplicationImpl pooled thread 67] INFO  c.b.s.l.BrowserStackRunExtension - Agent path: null
13:07:48.553 [ApplicationImpl pooled thread 73] INFO  c.b.s.l.BrowserStackRunExtension - testng
13:07:48.553 [ApplicationImpl pooled thread 73] INFO  com.browserstack.sdk.utils.Helpers - null
13:07:48.564 [ApplicationImpl pooled thread 73] INFO  c.b.s.l.BrowserStackRunExtension - Agent path: null
10:08:34.944 [ApplicationImpl pooled thread 163] INFO  c.b.s.l.BrowserStackRunExtension - testng
10:08:34.945 [ApplicationImpl pooled thread 163] INFO  com.browserstack.sdk.utils.Helpers - null
10:08:34.945 [ApplicationImpl pooled thread 163] INFO  c.b.s.l.BrowserStackRunExtension - Agent path: null
11:35:09.094 [ApplicationImpl pooled thread 205] INFO  c.b.s.l.BrowserStackRunExtension - testng
11:35:09.094 [ApplicationImpl pooled thread 205] INFO  com.browserstack.sdk.utils.Helpers - null
11:35:09.094 [ApplicationImpl pooled thread 205] INFO  c.b.s.l.BrowserStackRunExtension - Agent path: null
11:39:57.977 [ApplicationImpl pooled thread 210] INFO  c.b.s.l.BrowserStackRunExtension - testng
11:39:57.977 [ApplicationImpl pooled thread 210] INFO  com.browserstack.sdk.utils.Helpers - null
11:39:57.989 [ApplicationImpl pooled thread 210] INFO  c.b.s.l.BrowserStackRunExtension - Agent path: null
11:40:35.623 [ApplicationImpl pooled thread 210] INFO  c.b.s.l.BrowserStackRunExtension - testng
11:40:35.623 [ApplicationImpl pooled thread 210] INFO  com.browserstack.sdk.utils.Helpers - null
11:40:35.623 [ApplicationImpl pooled thread 210] INFO  c.b.s.l.BrowserStackRunExtension - Agent path: null
11:43:41.455 [ApplicationImpl pooled thread 201] INFO  c.b.s.l.BrowserStackRunExtension - testng
11:43:41.455 [ApplicationImpl pooled thread 201] INFO  com.browserstack.sdk.utils.Helpers - null
11:43:41.455 [ApplicationImpl pooled thread 201] INFO  c.b.s.l.BrowserStackRunExtension - Agent path: null
11:48:03.122 [AWT-EventQueue-0] INFO  c.b.sdk.actions.DisableBrowserStack - Setting disable browserstack run update
11:48:03.128 [AWT-EventQueue-0] INFO  c.b.sdk.actions.EnableBrowserStack - Setting enable browserstack run update
11:48:03.135 [AWT-EventQueue-0] INFO  c.b.sdk.actions.DisableBrowserStack - Setting disable browserstack run update
11:48:03.230 [AWT-EventQueue-0] INFO  c.b.sdk.actions.EnableBrowserStack - Setting enable browserstack run update
